<?xml version="1.0" encoding="UTF-8"?>
<!-- Generated by org.testng.reporters.JUnitReportReporter -->
<testsuite hostname="NAG1-LHP-N76161" failures="0" tests="5" name="com.automation.Test.Grps" time="4.548" errors="0" timestamp="2022-08-22T12:12:30 IST" skipped="0">
  <testcase classname="com.automation.Test.Grps" name="Add2cart" time="0.835"/>
  <system-out/>
  <testcase classname="com.automation.Test.Grps" name="Add_Card_Details" time="1.163"/>
  <system-out/>
  <testcase classname="com.automation.Test.Grps" name="VerifyLogin" time="0.919"/>
  <system-out/>
  <testcase classname="com.automation.Test.Grps" name="searchItem" time="0.815"/>
  <system-out/>
  <testcase classname="com.automation.Test.Grps" name="Checkout" time="0.816"/>
  <system-out/>
</testsuite> <!-- com.automation.Test.Grps -->
