<?xml version="1.0" encoding="UTF-8"?>
<!-- Generated by org.testng.reporters.JUnitReportReporter -->
<testsuite hostname="NAG1-LHP-N76161" failures="0" tests="1" name="com.automation.Test.LoginTest_DataProvider" time="4.181" errors="0" timestamp="2022-08-22T13:29:45 IST" skipped="0">
  <testcase classname="com.automation.Test.LoginTest_DataProvider" name="VerifysuccessfulLogin" time="4.181"/>
  <system-out/>
</testsuite> <!-- com.automation.Test.LoginTest_DataProvider -->
