<?xml version="1.0" encoding="UTF-8"?>
<!-- Generated by org.testng.reporters.JUnitReportReporter -->
<testsuite hostname="NAG1-LHP-N76161" failures="0" tests="1" name="com.automation.Test.Add2cartTest" time="12.108" errors="0" timestamp="2022-08-25T11:29:10 IST" skipped="0">
  <testcase classname="com.automation.Test.Add2cartTest" name="VerifyAdd2Cart" time="12.108"/>
  <system-out/>
</testsuite> <!-- com.automation.Test.Add2cartTest -->
